2004.04.10 21:59 B C:\WINDOWS\Desktop\Visual Union Website\Finished site\graphics\4artlink.gif --> visualunion.com /httpdocs/graphics 4artlink.gif
2004.04.10 21:59 B C:\WINDOWS\Desktop\Visual Union Website\Finished site\graphics\4artroll.gif --> visualunion.com /httpdocs/graphics 4artroll.gif
2004.04.10 21:59 B C:\WINDOWS\Desktop\Visual Union Website\Finished site\graphics\4buslink.gif --> visualunion.com /httpdocs/graphics 4buslink.gif
2004.04.10 21:59 B C:\WINDOWS\Desktop\Visual Union Website\Finished site\graphics\4busroll.gif --> visualunion.com /httpdocs/graphics 4busroll.gif
2004.04.10 21:59 B C:\WINDOWS\Desktop\Visual Union Website\Finished site\graphics\4comlink.gif --> visualunion.com /httpdocs/graphics 4comlink.gif
2004.04.10 21:59 B C:\WINDOWS\Desktop\Visual Union Website\Finished site\graphics\4comroll.gif --> visualunion.com /httpdocs/graphics 4comroll.gif
2004.04.10 21:59 B C:\WINDOWS\Desktop\Visual Union Website\Finished site\graphics\4famlink.gif --> visualunion.com /httpdocs/graphics 4famlink.gif
2004.04.10 21:59 B C:\WINDOWS\Desktop\Visual Union Website\Finished site\graphics\4famroll.gif --> visualunion.com /httpdocs/graphics 4famroll.gif
2004.04.10 21:59 B C:\WINDOWS\Desktop\Visual Union Website\Finished site\graphics\contlink.gif --> visualunion.com /httpdocs/graphics contlink.gif
2004.04.10 21:59 B C:\WINDOWS\Desktop\Visual Union Website\Finished site\graphics\controll.gif --> visualunion.com /httpdocs/graphics controll.gif
2004.04.10 21:59 B C:\WINDOWS\Desktop\Visual Union Website\Finished site\graphics\film3.gif --> visualunion.com /httpdocs/graphics film3.gif
2004.04.10 21:59 B C:\WINDOWS\Desktop\Visual Union Website\Finished site\graphics\logo_lft.gif --> visualunion.com /httpdocs/graphics logo_lft.gif
2004.04.10 21:59 B C:\WINDOWS\Desktop\Visual Union Website\Finished site\graphics\logo_rt.gif --> visualunion.com /httpdocs/graphics logo_rt.gif
2004.04.10 21:59 B C:\WINDOWS\Desktop\Visual Union Website\Finished site\graphics\opentext.gif --> visualunion.com /httpdocs/graphics opentext.gif
2004.04.10 21:59 B C:\WINDOWS\Desktop\Visual Union Website\Finished site\graphics\ourlink.gif --> visualunion.com /httpdocs/graphics ourlink.gif
2004.04.10 21:59 B C:\WINDOWS\Desktop\Visual Union Website\Finished site\graphics\ourroll.gif --> visualunion.com /httpdocs/graphics ourroll.gif
2004.04.10 21:59 B C:\WINDOWS\Desktop\Visual Union Website\Finished site\graphics\space.gif --> visualunion.com /httpdocs/graphics space.gif
2004.04.10 21:59 B C:\WINDOWS\Desktop\Visual Union Website\Finished site\graphics\wedding.gif --> visualunion.com /httpdocs/graphics wedding.gif
2004.04.10 21:59 B C:\WINDOWS\Desktop\Visual Union Website\Finished site\graphics\weddingr.gif --> visualunion.com /httpdocs/graphics weddingr.gif
2004.04.10 21:59 B C:\WINDOWS\Desktop\Visual Union Website\Finished site\graphics\whatlink.gif --> visualunion.com /httpdocs/graphics whatlink.gif
2004.04.10 21:59 B C:\WINDOWS\Desktop\Visual Union Website\Finished site\graphics\whatroll.gif --> visualunion.com /httpdocs/graphics whatroll.gif
2004.04.10 21:59 B C:\WINDOWS\Desktop\Visual Union Website\Finished site\graphics\wholink.gif --> visualunion.com /httpdocs/graphics wholink.gif
2004.04.10 21:59 B C:\WINDOWS\Desktop\Visual Union Website\Finished site\graphics\whoroll.gif --> visualunion.com /httpdocs/graphics whoroll.gif
2004.04.10 22:52 B C:\WINDOWS\Desktop\Visual Union Website\Finished site\graphics\4music.gif --> visualunion.com /httpdocs/graphics 4music.gif
2004.04.10 22:52 B C:\WINDOWS\Desktop\Visual Union Website\Finished site\graphics\4musroll.gif --> visualunion.com /httpdocs/graphics 4musroll.gif
2004.04.10 22:56 B C:\WINDOWS\Desktop\Visual Union Website\Finished site\graphics\4music.gif --> sandiegovideo.net /httpdocs/graphics 4music.gif
2004.04.10 22:56 B C:\WINDOWS\Desktop\Visual Union Website\Finished site\graphics\4musroll.gif --> sandiegovideo.net /httpdocs/graphics 4musroll.gif
2004.04.10 22:56 B C:\WINDOWS\Desktop\Visual Union Website\Finished site\graphics\WS_FTP.LOG --> sandiegovideo.net /httpdocs/graphics WS_FTP.LOG
2004.12.15 18:46 B C:\WINDOWS\Desktop\Visual Union Website\Finished site\graphics\4artlink.gif --> home.san.rr.com /graphics 4artlink.gif
2004.12.15 18:46 B C:\WINDOWS\Desktop\Visual Union Website\Finished site\graphics\4artroll.gif --> home.san.rr.com /graphics 4artroll.gif
2004.12.15 18:46 B C:\WINDOWS\Desktop\Visual Union Website\Finished site\graphics\4buslink.gif --> home.san.rr.com /graphics 4buslink.gif
2004.12.15 18:46 B C:\WINDOWS\Desktop\Visual Union Website\Finished site\graphics\4busroll.gif --> home.san.rr.com /graphics 4busroll.gif
2004.12.15 18:46 B C:\WINDOWS\Desktop\Visual Union Website\Finished site\graphics\4comlink.gif --> home.san.rr.com /graphics 4comlink.gif
2004.12.15 18:46 B C:\WINDOWS\Desktop\Visual Union Website\Finished site\graphics\4comroll.gif --> home.san.rr.com /graphics 4comroll.gif
2004.12.15 18:46 B C:\WINDOWS\Desktop\Visual Union Website\Finished site\graphics\4famlink.gif --> home.san.rr.com /graphics 4famlink.gif
2004.12.15 18:46 B C:\WINDOWS\Desktop\Visual Union Website\Finished site\graphics\4famroll.gif --> home.san.rr.com /graphics 4famroll.gif
2004.12.15 18:46 B C:\WINDOWS\Desktop\Visual Union Website\Finished site\graphics\4music.gif --> home.san.rr.com /graphics 4music.gif
2004.12.15 18:46 B C:\WINDOWS\Desktop\Visual Union Website\Finished site\graphics\4musroll.gif --> home.san.rr.com /graphics 4musroll.gif
2004.12.15 18:46 B C:\WINDOWS\Desktop\Visual Union Website\Finished site\graphics\contlink.gif --> home.san.rr.com /graphics contlink.gif
2004.12.15 18:46 B C:\WINDOWS\Desktop\Visual Union Website\Finished site\graphics\controll.gif --> home.san.rr.com /graphics controll.gif
2004.12.15 18:46 B C:\WINDOWS\Desktop\Visual Union Website\Finished site\graphics\film3.gif --> home.san.rr.com /graphics film3.gif
2004.12.15 18:46 B C:\WINDOWS\Desktop\Visual Union Website\Finished site\graphics\logo_lft.gif --> home.san.rr.com /graphics logo_lft.gif
2004.12.15 18:46 B C:\WINDOWS\Desktop\Visual Union Website\Finished site\graphics\logo_rt.gif --> home.san.rr.com /graphics logo_rt.gif
2004.12.15 18:46 B C:\WINDOWS\Desktop\Visual Union Website\Finished site\graphics\opentext.gif --> home.san.rr.com /graphics opentext.gif
2004.12.15 18:46 B C:\WINDOWS\Desktop\Visual Union Website\Finished site\graphics\ourlink.gif --> home.san.rr.com /graphics ourlink.gif
2004.12.15 18:46 B C:\WINDOWS\Desktop\Visual Union Website\Finished site\graphics\ourroll.gif --> home.san.rr.com /graphics ourroll.gif
2004.12.15 18:46 B C:\WINDOWS\Desktop\Visual Union Website\Finished site\graphics\space.gif --> home.san.rr.com /graphics space.gif
2004.12.15 18:46 B C:\WINDOWS\Desktop\Visual Union Website\Finished site\graphics\wedding.gif --> home.san.rr.com /graphics wedding.gif
2004.12.15 18:46 B C:\WINDOWS\Desktop\Visual Union Website\Finished site\graphics\weddingr.gif --> home.san.rr.com /graphics weddingr.gif
2004.12.15 18:46 B C:\WINDOWS\Desktop\Visual Union Website\Finished site\graphics\whatlink.gif --> home.san.rr.com /graphics whatlink.gif
2004.12.15 18:46 B C:\WINDOWS\Desktop\Visual Union Website\Finished site\graphics\whatroll.gif --> home.san.rr.com /graphics whatroll.gif
2004.12.15 18:46 B C:\WINDOWS\Desktop\Visual Union Website\Finished site\graphics\wholink.gif --> home.san.rr.com /graphics wholink.gif
2004.12.15 18:46 B C:\WINDOWS\Desktop\Visual Union Website\Finished site\graphics\whoroll.gif --> home.san.rr.com /graphics whoroll.gif
2004.12.15 18:46 B C:\WINDOWS\Desktop\Visual Union Website\Finished site\graphics\WS_FTP.LOG --> home.san.rr.com /graphics WS_FTP.LOG
2007.05.10 19:23 B C:\Documents and Settings\David\Desktop\Websites\Visual Union Website\Finished site\graphics\wedding.gif --> visualunion.com /visualunion.com/graphics wedding.gif
2007.05.10 19:23 B C:\Documents and Settings\David\Desktop\Websites\Visual Union Website\Finished site\graphics\weddingr.gif --> visualunion.com /visualunion.com/graphics weddingr.gif
2010.04.01 16:57 B C:\Documents and Settings\David\Desktop\Websites\Visual Union Website\new php site\img\4artlink.gif --> visualunion.com /visualunion.com/test/img 4artlink.gif
2010.04.01 16:57 B C:\Documents and Settings\David\Desktop\Websites\Visual Union Website\new php site\img\4artroll.gif --> visualunion.com /visualunion.com/test/img 4artroll.gif
2010.04.01 16:57 B C:\Documents and Settings\David\Desktop\Websites\Visual Union Website\new php site\img\4buslink.gif --> visualunion.com /visualunion.com/test/img 4buslink.gif
2010.04.01 16:57 B C:\Documents and Settings\David\Desktop\Websites\Visual Union Website\new php site\img\4busroll.gif --> visualunion.com /visualunion.com/test/img 4busroll.gif
2010.04.01 16:57 B C:\Documents and Settings\David\Desktop\Websites\Visual Union Website\new php site\img\4comlink.gif --> visualunion.com /visualunion.com/test/img 4comlink.gif
2010.04.01 16:57 B C:\Documents and Settings\David\Desktop\Websites\Visual Union Website\new php site\img\4comroll.gif --> visualunion.com /visualunion.com/test/img 4comroll.gif
2010.04.01 16:57 B C:\Documents and Settings\David\Desktop\Websites\Visual Union Website\new php site\img\4famlink.gif --> visualunion.com /visualunion.com/test/img 4famlink.gif
2010.04.01 16:57 B C:\Documents and Settings\David\Desktop\Websites\Visual Union Website\new php site\img\4famroll.gif --> visualunion.com /visualunion.com/test/img 4famroll.gif
2010.04.01 16:57 B C:\Documents and Settings\David\Desktop\Websites\Visual Union Website\new php site\img\4music.gif --> visualunion.com /visualunion.com/test/img 4music.gif
2010.04.01 16:57 B C:\Documents and Settings\David\Desktop\Websites\Visual Union Website\new php site\img\4musroll.gif --> visualunion.com /visualunion.com/test/img 4musroll.gif
2010.04.01 16:57 B C:\Documents and Settings\David\Desktop\Websites\Visual Union Website\new php site\img\contlink.gif --> visualunion.com /visualunion.com/test/img contlink.gif
2010.04.01 16:57 B C:\Documents and Settings\David\Desktop\Websites\Visual Union Website\new php site\img\controll.gif --> visualunion.com /visualunion.com/test/img controll.gif
2010.04.01 16:57 B C:\Documents and Settings\David\Desktop\Websites\Visual Union Website\new php site\img\film3.gif --> visualunion.com /visualunion.com/test/img film3.gif
2010.04.01 16:57 B C:\Documents and Settings\David\Desktop\Websites\Visual Union Website\new php site\img\logo.png --> visualunion.com /visualunion.com/test/img logo.png
2010.04.01 16:57 B C:\Documents and Settings\David\Desktop\Websites\Visual Union Website\new php site\img\logo_lft.gif --> visualunion.com /visualunion.com/test/img logo_lft.gif
2010.04.01 16:57 B C:\Documents and Settings\David\Desktop\Websites\Visual Union Website\new php site\img\logo_rt.gif --> visualunion.com /visualunion.com/test/img logo_rt.gif
2010.04.01 16:57 B C:\Documents and Settings\David\Desktop\Websites\Visual Union Website\new php site\img\opentext.gif --> visualunion.com /visualunion.com/test/img opentext.gif
2010.04.01 16:57 B C:\Documents and Settings\David\Desktop\Websites\Visual Union Website\new php site\img\ourlink.gif --> visualunion.com /visualunion.com/test/img ourlink.gif
2010.04.01 16:57 B C:\Documents and Settings\David\Desktop\Websites\Visual Union Website\new php site\img\ourroll.gif --> visualunion.com /visualunion.com/test/img ourroll.gif
2010.04.01 16:57 B C:\Documents and Settings\David\Desktop\Websites\Visual Union Website\new php site\img\space.gif --> visualunion.com /visualunion.com/test/img space.gif
2010.04.01 16:57 B C:\Documents and Settings\David\Desktop\Websites\Visual Union Website\new php site\img\Thumbs.db --> visualunion.com /visualunion.com/test/img Thumbs.db
2010.04.01 16:57 B C:\Documents and Settings\David\Desktop\Websites\Visual Union Website\new php site\img\wedding.gif --> visualunion.com /visualunion.com/test/img wedding.gif
2010.04.01 16:57 B C:\Documents and Settings\David\Desktop\Websites\Visual Union Website\new php site\img\weddingr.gif --> visualunion.com /visualunion.com/test/img weddingr.gif
2010.04.01 16:57 B C:\Documents and Settings\David\Desktop\Websites\Visual Union Website\new php site\img\whatlink.gif --> visualunion.com /visualunion.com/test/img whatlink.gif
2010.04.01 16:57 B C:\Documents and Settings\David\Desktop\Websites\Visual Union Website\new php site\img\whatroll.gif --> visualunion.com /visualunion.com/test/img whatroll.gif
2010.04.01 16:57 B C:\Documents and Settings\David\Desktop\Websites\Visual Union Website\new php site\img\wholink.gif --> visualunion.com /visualunion.com/test/img wholink.gif
2010.04.01 16:57 B C:\Documents and Settings\David\Desktop\Websites\Visual Union Website\new php site\img\whoroll.gif --> visualunion.com /visualunion.com/test/img whoroll.gif
2010.04.01 16:57 B C:\Documents and Settings\David\Desktop\Websites\Visual Union Website\new php site\img\WS_FTP.LOG --> visualunion.com /visualunion.com/test/img WS_FTP.LOG
2010.04.05 00:29 B C:\Documents and Settings\David\Desktop\Websites\Visual Union Website\new php site\img\logo.png --> visualunion.com /visualunion.com/img logo.png
2010.04.05 00:29 B C:\Documents and Settings\David\Desktop\Websites\Visual Union Website\new php site\img\film3.gif --> visualunion.com /visualunion.com/img film3.gif
2010.04.05 00:47 B C:\Documents and Settings\David\Desktop\Websites\Visual Union Website\new php site\img\film3.gif --> visualunion.com /visualunion.com/test/img film3.gif
2010.04.05 00:47 B C:\Documents and Settings\David\Desktop\Websites\Visual Union Website\new php site\img\film3.gif --> visualunion.com /visualunion.com/img film3.gif
2010.04.05 00:49 B C:\Documents and Settings\David\Desktop\Websites\Visual Union Website\new php site\img\film3.gif --> visualunion.com /visualunion.com/img film3.gif
2010.04.05 00:49 B C:\Documents and Settings\David\Desktop\Websites\Visual Union Website\new php site\img\film3.gif --> visualunion.com /visualunion.com/test/img film3.gif
2010.04.05 01:33 B C:\Documents and Settings\David\Desktop\Websites\Visual Union Website\new php site\img\space.gif --> visualunion.com /visualunion.com/test/img space.gif
2010.04.05 01:33 B C:\Documents and Settings\David\Desktop\Websites\Visual Union Website\new php site\img\space.gif --> visualunion.com /visualunion.com/img space.gif
2010.04.05 02:19 B C:\Documents and Settings\David\Desktop\Websites\Visual Union Website\new php site\img\sandiego.gif --> visualunion.com /visualunion.com/test/img sandiego.gif
2010.04.05 02:19 B C:\Documents and Settings\David\Desktop\Websites\Visual Union Website\new php site\img\sandiego.gif --> visualunion.com /visualunion.com/img sandiego.gif
2010.04.05 02:44 B C:\Documents and Settings\David\Desktop\Websites\Visual Union Website\new php site\img\film3.gif --> visualunion.com /visualunion.com/test/img film3.gif
2010.04.05 02:44 B C:\Documents and Settings\David\Desktop\Websites\Visual Union Website\new php site\img\film3.gif --> visualunion.com /visualunion.com/img film3.gif
2010.04.05 02:45 B C:\Documents and Settings\David\Desktop\Websites\Visual Union Website\new php site\img\film3.gif --> visualunion.com /visualunion.com/img film3.gif
2010.04.05 02:45 B C:\Documents and Settings\David\Desktop\Websites\Visual Union Website\new php site\img\film3.gif --> visualunion.com /visualunion.com/test/img film3.gif
2010.04.05 02:46 B C:\Documents and Settings\David\Desktop\Websites\Visual Union Website\new php site\img\film3.gif --> visualunion.com /visualunion.com/test/img film3.gif
2010.04.05 02:47 B C:\Documents and Settings\David\Desktop\Websites\Visual Union Website\new php site\img\film3.gif --> visualunion.com /visualunion.com/img film3.gif
2010.04.05 17:02 B C:\Documents and Settings\David\Desktop\Websites\Visual Union Website\new php site\img\opentext.gif --> visualunion.com /visualunion.com/test/img opentext.gif
2010.04.05 17:03 B C:\Documents and Settings\David\Desktop\Websites\Visual Union Website\new php site\img\opentext.gif --> visualunion.com /visualunion.com/img opentext.gif
2010.04.09 19:27 B C:\Documents and Settings\David\Desktop\Websites\Visual Union Website\new php site\img\cameraman0.png --> visualunion.com /visualunion.com/test/img cameraman0.png
2010.04.09 19:27 B C:\Documents and Settings\David\Desktop\Websites\Visual Union Website\new php site\img\cameraman0.png --> visualunion.com /visualunion.com/img cameraman0.png
2010.04.09 19:37 B C:\Documents and Settings\David\Desktop\Websites\Visual Union Website\new php site\img\cameraman0.png --> visualunion.com /visualunion.com/img cameraman0.png
2010.04.09 19:39 B C:\Documents and Settings\David\Desktop\Websites\Visual Union Website\new php site\img\cameraman0.png --> visualunion.com /visualunion.com/test/img cameraman0.png
2010.08.02 04:09 B C:\Documents and Settings\David\Desktop\Websites\Visual Union Website\new php site\img\cameraman0.png --> visualunion.com /visualunion.com/test/img cameraman0.png
2010.08.02 04:10 B C:\Documents and Settings\David\Desktop\Websites\Visual Union Website\new php site\img\cameraman0.png --> visualunion.com /visualunion.com/test/img cameraman0.png
2010.08.02 04:14 B C:\Documents and Settings\David\Desktop\Websites\Visual Union Website\new php site\img\cameraman0.png --> visualunion.com /visualunion.com/test/img cameraman0.png
2010.08.02 04:54 B C:\Documents and Settings\David\Desktop\Websites\Visual Union Website\new php site\img\cameraman0.png --> visualunion.com /visualunion.com/backgroundimg cameraman0.png
2010.08.02 04:57 B C:\Documents and Settings\David\Desktop\Websites\Visual Union Website\new php site\img\cameraman1.png --> visualunion.com /visualunion.com/backgroundimg cameraman1.png
2010.08.02 04:57 B C:\Documents and Settings\David\Desktop\Websites\Visual Union Website\new php site\img\cameraman2.png --> visualunion.com /visualunion.com/backgroundimg cameraman2.png
2010.08.03 16:41 B C:\Documents and Settings\David\Desktop\Websites\Visual Union Website\new php site\img\cameraman0.png --> visualunion.com /visualunion.com/test/backgroundimg cameraman0.png
2010.08.03 16:41 B C:\Documents and Settings\David\Desktop\Websites\Visual Union Website\new php site\img\cameraman1.png --> visualunion.com /visualunion.com/test/backgroundimg cameraman1.png
2010.08.03 16:41 B C:\Documents and Settings\David\Desktop\Websites\Visual Union Website\new php site\img\cameraman2.png --> visualunion.com /visualunion.com/test/backgroundimg cameraman2.png
2010.08.04 02:40 B C:\Documents and Settings\David\Desktop\Websites\Visual Union Website\new php site\img\logo.png --> visualunion.com /visualunion.com/img logo.png
2010.08.04 02:41 B C:\Documents and Settings\David\Desktop\Websites\Visual Union Website\new php site\img\lines.gif --> visualunion.com /visualunion.com/img lines.gif
2010.08.06 20:32 B C:\Documents and Settings\David\Desktop\Websites\Visual Union Website\new php site\img\newlogo.png --> visualunion.com /visualunion.com/img newlogo.png
2010.08.06 20:33 B C:\Documents and Settings\David\Desktop\Websites\Visual Union Website\new php site\img\newlogo2.png --> visualunion.com /visualunion.com/img newlogo2.png
2010.08.06 20:34 B C:\Documents and Settings\David\Desktop\Websites\Visual Union Website\new php site\img\newlogo.png --> visualunion.com /visualunion.com/img newlogo.png
2010.08.06 20:36 B C:\Documents and Settings\David\Desktop\Websites\Visual Union Website\new php site\img\newlogo.png --> visualunion.com /visualunion.com/img newlogo.png
2010.08.06 20:36 B C:\Documents and Settings\David\Desktop\Websites\Visual Union Website\new php site\img\newlogo2.png --> visualunion.com /visualunion.com/img newlogo2.png
2010.08.06 20:36 B C:\Documents and Settings\David\Desktop\Websites\Visual Union Website\new php site\img\newlogo.png --> visualunion.com /visualunion.com/img newlogo.png
2010.08.06 20:36 B C:\Documents and Settings\David\Desktop\Websites\Visual Union Website\new php site\img\newlogo2.png --> visualunion.com /visualunion.com/img newlogo2.png
2010.08.06 20:37 B C:\Documents and Settings\David\Desktop\Websites\Visual Union Website\new php site\img\newlogo2.png --> visualunion.com /visualunion.com/img newlogo2.png
2010.08.26 20:13 B C:\Documents and Settings\David\Desktop\Websites\Visual Union Website\new php site\img\open.jpg <-- Visual Union /visualunion.com open.jpg
2010.08.26 20:13 B C:\Documents and Settings\David\Desktop\Websites\Visual Union Website\new php site\img\promotionalvideo.jpg <-- Visual Union /visualunion.com promotionalvideo.jpg
2010.08.26 20:14 B C:\Documents and Settings\David\Desktop\Websites\Visual Union Website\new php site\img\familyvideo.jpg --> visualunion.com /visualunion.com/img familyvideo.jpg
2010.08.26 20:14 B C:\Documents and Settings\David\Desktop\Websites\Visual Union Website\new php site\img\open.jpg --> visualunion.com /visualunion.com/img open.jpg
2010.08.26 20:14 B C:\Documents and Settings\David\Desktop\Websites\Visual Union Website\new php site\img\promotionalvideo.jpg --> visualunion.com /visualunion.com/img promotionalvideo.jpg
2010.08.26 20:29 B C:\Documents and Settings\David\Desktop\Websites\Visual Union Website\new php site\img\changingourmindsmovietrailer.jpg --> visualunion.com /visualunion.com/img changingourmindsmovietrailer.jpg
2010.08.26 20:37 B C:\Documents and Settings\David\Desktop\Websites\Visual Union Website\new php site\img\publicspeakingevent.jpg --> visualunion.com /visualunion.com/img publicspeakingevent.jpg
2010.08.27 15:54 B C:\Documents and Settings\David\Desktop\Websites\Visual Union Website\new php site\img\musicvideodemo.jpg --> visualunion.com /visualunion.com/img musicvideodemo.jpg
2012.02.12 16:12 B C:\Documents and Settings\David\Desktop\Websites\Visual Union Website\new php site\img\changingourmindsmovietrailer.jpg --> visualunion.com /sandiegovideo.net/img changingourmindsmovietrailer.jpg
2012.02.12 16:12 B C:\Documents and Settings\David\Desktop\Websites\Visual Union Website\new php site\img\familyvideo.jpg --> visualunion.com /sandiegovideo.net/img familyvideo.jpg
2012.02.12 16:12 B C:\Documents and Settings\David\Desktop\Websites\Visual Union Website\new php site\img\lines.gif --> visualunion.com /sandiegovideo.net/img lines.gif
2012.02.12 16:12 B C:\Documents and Settings\David\Desktop\Websites\Visual Union Website\new php site\img\musicvideodemo.jpg --> visualunion.com /sandiegovideo.net/img musicvideodemo.jpg
2012.02.12 16:12 B C:\Documents and Settings\David\Desktop\Websites\Visual Union Website\new php site\img\newlogo.png --> visualunion.com /sandiegovideo.net/img newlogo.png
2012.02.12 16:12 B C:\Documents and Settings\David\Desktop\Websites\Visual Union Website\new php site\img\promotionalvideo.jpg --> visualunion.com /sandiegovideo.net/img promotionalvideo.jpg
2012.02.12 16:12 B C:\Documents and Settings\David\Desktop\Websites\Visual Union Website\new php site\img\publicspeakingevent.jpg --> visualunion.com /sandiegovideo.net/img publicspeakingevent.jpg
2012.02.12 16:12 B C:\Documents and Settings\David\Desktop\Websites\Visual Union Website\new php site\img\Thumbs.db --> visualunion.com /sandiegovideo.net/img Thumbs.db
2016.08.28 01:38 B C:\Users\David\Desktop\Websites\Visual Union Website\new php site\img\DVDCover.jpg --> www.visualunion.com /visualunion.com/img DVDCover.jpg
2017.10.21 12:53 B C:\Users\David\Desktop\Websites\Visual Union Website\new php site\img\DancePerformanceVideo.png --> www.visualunion.com /visualunion.com/img DancePerformanceVideo.png
2017.10.21 12:55 B C:\Users\David\Desktop\Websites\Visual Union Website\new php site\img\DancePerformanceVideo.png --> www.visualunion.com /visualunion.com/img DancePerformanceVideo.png
2017.10.21 13:13 B C:\Users\David\Desktop\Websites\Visual Union Website\new php site\img\Glamourama.png <-- Visual Union /visualunion.com/img Glamourama.png
2017.10.21 13:16 B C:\Users\David\Desktop\Websites\Visual Union Website\new php site\img\DancePerformanceVideos.png --> www.visualunion.com /visualunion.com/img DancePerformanceVideos.png
2018.09.13 14:27 B C:\Users\David\Desktop\Websites\Visual Union Website\new php site\img\LymeSymposiumSpeaker.png --> www.visualunion.com /visualunion.com/img LymeSymposiumSpeaker.png
2018.09.13 15:19 B C:\Users\David\Desktop\Websites\Visual Union Website\new php site\img\LymeSymposiumSpeaker.png --> www.visualunion.com /visualunion.com/img LymeSymposiumSpeaker.png
2018.09.13 15:20 B C:\Users\David\Desktop\Websites\Visual Union Website\new php site\img\EstanciaLaJollaWedding.png <-- Visual Union /visualunion.com/img EstanciaLaJollaWedding.png
2018.09.13 15:23 B C:\Users\David\Desktop\Websites\Visual Union Website\new php site\img\Glamourama.png --> www.visualunion.com /visualunion.com/img Glamourama.png
2018.09.13 15:23 B C:\Users\David\Desktop\Websites\Visual Union Website\new php site\img\LymeSymposiumSpeaker.png --> www.visualunion.com /visualunion.com/img LymeSymposiumSpeaker.png
2018.09.13 15:24 B C:\Users\David\Desktop\Websites\Visual Union Website\new php site\img\LymeSymposiumSpeaker.png --> www.visualunion.com /visualunion.com/img LymeSymposiumSpeaker.png
